<?xml version="1.0" encoding="UTF-8"?>
<testng-results ignored="0" total="1" passed="1" failed="0" skipped="0">
  <reporter-output>
  </reporter-output>
  <suite started-at="2021-11-09T02:46:59Z" name="Default suite" finished-at="2021-11-09T02:47:15Z" duration-ms="15943">
    <groups>
    </groups>
    <test started-at="2021-11-09T02:46:59Z" name="Default test" finished-at="2021-11-09T02:47:15Z" duration-ms="15943">
      <class name="com.qa.wiki.Tests.SearchPageTestnew">
        <test-method is-config="true" signature="setup()[pri:0, instance:com.qa.wiki.Tests.SearchPageTestnew@11d8ae8b]" started-at="2021-11-09T02:46:59Z" name="setup" finished-at="2021-11-09T02:47:07Z" duration-ms="7845" status="PASS">
          <reporter-output>
          </reporter-output>
        </test-method> <!-- setup -->
        <test-method signature="searchPageTest()[pri:0, instance:com.qa.wiki.Tests.SearchPageTestnew@11d8ae8b]" started-at="2021-11-09T02:47:07Z" name="searchPageTest" finished-at="2021-11-09T02:47:15Z" duration-ms="8069" status="PASS">
          <reporter-output>
          </reporter-output>
        </test-method> <!-- searchPageTest -->
      </class> <!-- com.qa.wiki.Tests.SearchPageTestnew -->
    </test> <!-- Default test -->
  </suite> <!-- Default suite -->
</testng-results>
